Arguments: 
  /usr/local/bin/node /usr/share/yarn/bin/yarn.js add @material-ui/core/AccordionDetails

PATH: 
  /home/luccin/.local/bin:/usr/local/sbin:/usr/local/bin:/usr/sbin:/usr/bin:/sbin:/bin:/usr/games:/usr/local/games:/snap/bin

Yarn version: 
  1.22.4

Node version: 
  14.7.0

Platform: 
  linux x64

Trace: 
  Error: getaddrinfo EAI_AGAIN registry.yarnpkg.com
      at GetAddrInfoReqWrap.onlookup [as oncomplete] (dns.js:66:26)

npm manifest: 
  {
    "name": "porfolio",
    "version": "0.1.0",
    "private": true,
    "dependencies": {
      "@material-ui/core": "^4.10.2",
      "@material-ui/icons": "^4.9.1",
      "@material-ui/styles": "^4.10.0",
      "@testing-library/jest-dom": "^4.2.4",
      "@testing-library/react": "^9.3.2",
      "@testing-library/user-event": "^7.1.2",
      "fontsource-open-sans": "^2.1.4",
      "fontsource-roboto": "^2.1.4",
      "react": "^16.13.1",
      "react-dom": "^16.13.1",
      "react-scripts": "^3.4.1",
      "react-spring": "^8.0.27",
      "react-typical": "^0.1.3",
      "react-waypoint": "^9.0.3",
      "serve": "^11.3.2"
    },
    "scripts": {
      "start": "react-scripts start",
      "build": "react-scripts build",
      "test": "react-scripts test",
      "eject": "react-scripts eject"
    },
    "eslintConfig": {
      "extends": "react-app"
    },
    "browserslist": {
      "production": [
        ">0.2%",
        "not dead",
        "not op_mini all"
      ],
      "development": [
        "last 1 chrome version",
        "last 1 firefox version",
        "last 1 safari version"
      ]
    }
  }

yarn manifest: 
  No manifest

Lockfile: 
  No lockfile
